#
# There is insufficient memory for the Java Runtime Environment to continue.
# Native memory allocation (mmap) failed to map 134217728 bytes for G1 virtual space
# Possible reasons:
#   The system is out of physical RAM or swap space
#   The process is running with CompressedOops enabled, and the Java Heap may be blocking the growth of the native heap
# Possible solutions:
#   Reduce memory load on the system
#   Increase physical memory or swap space
#   Check if swap backing store is full
#   Decrease Java heap size (-Xmx/-Xms)
#   Decrease number of Java threads
#   Decrease Java thread stack sizes (-Xss)
#   Set larger code cache with -XX:ReservedCodeCacheSize=
#   JVM is running with Unscaled Compressed Oops mode in which the Java heap is
#     placed in the first 4GB address space. The Java Heap base address is the
#     maximum limit for the native heap growth. Please use -XX:HeapBaseMinAddress
#     to set the Java Heap base and to place the Java Heap above 4GB virtual address.
# This output file may be truncated or incomplete.
#
#  Out of Memory Error (os_windows.cpp:3469), pid=15544, tid=14392
#
# JRE version:  (17.0.1+12) (build )
# Java VM: Java HotSpot(TM) 64-Bit Server VM (17.0.1+12-LTS-39, mixed mode, sharing, tiered, compressed oops, compressed class ptrs, g1 gc, windows-amd64)
# No core dump will be written. Minidumps are not enabled by default on client versions of Windows
#

---------------  S U M M A R Y ------------

Command Line: -ea -Didea.test.cyclic.buffer.size=1048576 -javaagent:C:\Program Files\JetBrains\IntelliJ IDEA Community Edition 2021.2.3\lib\idea_rt.jar=49495:C:\Program Files\JetBrains\IntelliJ IDEA Community Edition 2021.2.3\bin -Dfile.encoding=UTF-8 com.intellij.rt.junit.JUnitStarter -ideVersion5 -junit5 co.com.sofka.usecase.aplicado.ActualizarCaracteristicasProductoUseCaseTest,actualizarCaracteristicasProducto

Host: Intel(R) Core(TM) i7-7500U CPU @ 2.70GHz, 4 cores, 7G,  Windows 10 , 64 bit Build 19041 (10.0.19041.1348)
Time: Fri Dec 24 17:11:07 2021 Hora est. Pacífico, Sudamérica elapsed time: 0.104931 seconds (0d 0h 0m 0s)

---------------  T H R E A D  ---------------

Current thread (0x000002732c6270d0):  JavaThread "Unknown thread" [_thread_in_vm, id=14392, stack(0x000000f5d9700000,0x000000f5d9800000)]

Stack: [0x000000f5d9700000,0x000000f5d9800000]
Native frames: (J=compiled Java code, j=interpreted, Vv=VM code, C=native code)
V  [jvm.dll+0x66fa1a]
V  [jvm.dll+0x7ce5a4]
V  [jvm.dll+0x7cfd4e]
V  [jvm.dll+0x7d03b3]
V  [jvm.dll+0x242b05]
V  [jvm.dll+0x66ca39]
V  [jvm.dll+0x661502]
V  [jvm.dll+0x30081b]
V  [jvm.dll+0x307da6]
V  [jvm.dll+0x357a1e]
V  [jvm.dll+0x357c4f]
V  [jvm.dll+0x2d7ad8]
V  [jvm.dll+0x2d8a44]
V  [jvm.dll+0x7a01e1]
V  [jvm.dll+0x365791]
V  [jvm.dll+0x77f6cc]
V  [jvm.dll+0x3e812f]
V  [jvm.dll+0x3e9bd1]
C  [jli.dll+0x527b]
C  [ucrtbase.dll+0x21bb2]
C  [KERNEL32.DLL+0x17034]
C  [ntdll.dll+0x52651]


---------------  P R O C E S S  ---------------

Threads class SMR info:
_java_thread_list=0x00007ffd4f677818, length=0, elements={
}

Java Threads: ( => current thread )

Other Threads:
  0x000002732c661750 GCTaskThread "GC Thread#0" [stack: 0x000000f5d9800000,0x000000f5d9900000] [id=10480]
  0x000002732c673330 ConcurrentGCThread "G1 Main Marker" [stack: 0x000000f5d9900000,0x000000f5d9a00000] [id=16276]
  0x000002732c673c50 ConcurrentGCThread "G1 Conc#0" [stack: 0x000000f5d9a00000,0x000000f5d9b00000] [id=13820]

[error occurred during error reporting (printing all threads), id 0xc0000005, EXCEPTION_ACCESS_VIOLATION (0xc0000005) at pc=0x00007ffd4eec84b7]

VM state: not at safepoint (not fully initialized)

VM Mutex/Monitor currently owned by a thread:  ([mutex/lock_event])
[0x000002732c622030] Heap_lock - owner thread: 0x000002732c6270d0

Heap address: 0x0000000081400000, size: 2028 MB, Compressed Oops mode: 32-bit

CDS archive(s) mapped at: [0x0000000000000000-0x0000000000000000-0x0000000000000000), size 0, SharedBaseAddress: 0x0000000800000000, ArchiveRelocationMode: 0.
Narrow klass base: 0x0000000000000000, Narrow klass shift: 0, Narrow klass range: 0x0

GC Precious Log:
<Empty>

Heap:
 garbage-first heap   total 0K, used 0K [0x0000000081400000, 0x0000000100000000)
  region size 1024K, 0 young (0K), 0 survivors (0K)

[error occurred during error reporting (printing heap information), id 0xc0000005, EXCEPTION_ACCESS_VIOLATION (0xc0000005) at pc=0x00007ffd4f2a8d89]

GC Heap History (0 events):
No events

Deoptimization events (0 events):
No events

Classes unloaded (0 events):
No events

Classes redefined (0 events):
No events

Internal exceptions (0 events):
No events

VM Operations (0 events):
No events

Events (1 events):
Event: 0.015 Loaded shared library C:\Program Files\Java\jdk-17.0.1\bin\java.dll


Dynamic libraries:
0x00007ff7fa280000 - 0x00007ff7fa290000 	C:\Program Files\Java\jdk-17.0.1\bin\java.exe
0x00007ffdac390000 - 0x00007ffdac585000 	C:\WINDOWS\SYSTEM32\ntdll.dll
0x00007ffdaaff0000 - 0x00007ffdab0ae000 	C:\WINDOWS\System32\KERNEL32.DLL
0x00007ffda9aa0000 - 0x00007ffda9d68000 	C:\WINDOWS\System32\KERNELBASE.dll
0x00007ffda9f80000 - 0x00007ffdaa080000 	C:\WINDOWS\System32\ucrtbase.dll
0x00007ffda2080000 - 0x00007ffda209a000 	C:\Program Files\Java\jdk-17.0.1\bin\VCRUNTIME140.dll
0x00007ffd9b450000 - 0x00007ffd9b468000 	C:\Program Files\Java\jdk-17.0.1\bin\jli.dll
0x00007ffdaa850000 - 0x00007ffdaa8fc000 	C:\WINDOWS\System32\ADVAPI32.dll
0x00007ffdaac90000 - 0x00007ffdaad2e000 	C:\WINDOWS\System32\msvcrt.dll
0x00007ffdaa480000 - 0x00007ffdaa51b000 	C:\WINDOWS\System32\sechost.dll
0x00007ffdabec0000 - 0x00007ffdabfea000 	C:\WINDOWS\System32\RPCRT4.dll
0x00007ffdaa9e0000 - 0x00007ffdaab81000 	C:\WINDOWS\System32\USER32.dll
0x00007ffdaa080000 - 0x00007ffdaa0a2000 	C:\WINDOWS\System32\win32u.dll
0x00007ffdab6d0000 - 0x00007ffdab6fb000 	C:\WINDOWS\System32\GDI32.dll
0x00007ffdaa2c0000 - 0x00007ffdaa3cd000 	C:\WINDOWS\System32\gdi32full.dll
0x00007ffdaa160000 - 0x00007ffdaa1fd000 	C:\WINDOWS\System32\msvcp_win.dll
0x00007ffd8d2d0000 - 0x00007ffd8d56a000 	C:\WINDOWS\WinSxS\amd64_microsoft.windows.common-controls_6595b64144ccf1df_6.0.19041.1110_none_60b5254171f9507e\COMCTL32.dll
0x00007ffda27b0000 - 0x00007ffda27ba000 	C:\WINDOWS\SYSTEM32\VERSION.dll
0x00007ffdaab90000 - 0x00007ffdaabc0000 	C:\WINDOWS\System32\IMM32.DLL
0x00007ffd9b500000 - 0x00007ffd9b50c000 	C:\Program Files\Java\jdk-17.0.1\bin\vcruntime140_1.dll
0x00007ffd71a20000 - 0x00007ffd71aad000 	C:\Program Files\Java\jdk-17.0.1\bin\msvcp140.dll
0x00007ffd4ebe0000 - 0x00007ffd4f79e000 	C:\Program Files\Java\jdk-17.0.1\bin\server\jvm.dll
0x00007ffdab0b0000 - 0x00007ffdab0b8000 	C:\WINDOWS\System32\PSAPI.DLL
0x00007ffda1180000 - 0x00007ffda1189000 	C:\WINDOWS\SYSTEM32\WSOCK32.dll
0x00007ffdab700000 - 0x00007ffdab76b000 	C:\WINDOWS\System32\WS2_32.dll
0x00007ffd8cc60000 - 0x00007ffd8cc87000 	C:\WINDOWS\SYSTEM32\WINMM.dll
0x00007ffda86a0000 - 0x00007ffda86b2000 	C:\WINDOWS\SYSTEM32\kernel.appcore.dll
0x00007ffd9b380000 - 0x00007ffd9b38a000 	C:\Program Files\Java\jdk-17.0.1\bin\jimage.dll
0x00007ffda8090000 - 0x00007ffda8274000 	C:\WINDOWS\SYSTEM32\DBGHELP.DLL
0x00007ffda44e0000 - 0x00007ffda450c000 	C:\WINDOWS\SYSTEM32\dbgcore.DLL
0x00007ffdaa200000 - 0x00007ffdaa282000 	C:\WINDOWS\System32\bcryptPrimitives.dll
0x00007ffd8c7d0000 - 0x00007ffd8c7de000 	C:\Program Files\Java\jdk-17.0.1\bin\instrument.dll
0x00007ffd7c040000 - 0x00007ffd7c065000 	C:\Program Files\Java\jdk-17.0.1\bin\java.dll

dbghelp: loaded successfully - version: 4.0.5 - missing functions: none
symbol engine: initialized successfully - sym options: 0x614 - pdb path: .;C:\Program Files\Java\jdk-17.0.1\bin;C:\WINDOWS\SYSTEM32;C:\WINDOWS\WinSxS\amd64_microsoft.windows.common-controls_6595b64144ccf1df_6.0.19041.1110_none_60b5254171f9507e;C:\Program Files\Java\jdk-17.0.1\bin\server

VM Arguments:
jvm_args: -ea -Didea.test.cyclic.buffer.size=1048576 -javaagent:C:\Program Files\JetBrains\IntelliJ IDEA Community Edition 2021.2.3\lib\idea_rt.jar=49495:C:\Program Files\JetBrains\IntelliJ IDEA Community Edition 2021.2.3\bin -Dfile.encoding=UTF-8 
java_command: com.intellij.rt.junit.JUnitStarter -ideVersion5 -junit5 co.com.sofka.usecase.aplicado.ActualizarCaracteristicasProductoUseCaseTest,actualizarCaracteristicasProducto
java_class_path (initial): C:\Users\Alejandro\.m2\repository\org\junit\platform\junit-platform-launcher\1.8.2\junit-platform-launcher-1.8.2.jar;C:\Program Files\JetBrains\IntelliJ IDEA Community Edition 2021.2.3\lib\idea_rt.jar;C:\Program Files\JetBrains\IntelliJ IDEA Community Edition 2021.2.3\plugins\junit\lib\junit5-rt.jar;C:\Program Files\JetBrains\IntelliJ IDEA Community Edition 2021.2.3\plugins\junit\lib\junit-rt.jar;C:\PruebasBackend\barberia-ddd\target\test-classes;C:\PruebasBackend\barberia-ddd\target\classes;C:\Users\Alejandro\.m2\repository\co\com\sofka\domain\1.5.0\domain-1.5.0.jar;C:\Users\Alejandro\.m2\repository\co\com\sofka\business\1.5.0\business-1.5.0.jar;C:\Users\Alejandro\.m2\repository\org\junit\jupiter\junit-jupiter\5.8.2\junit-jupiter-5.8.2.jar;C:\Users\Alejandro\.m2\repository\org\junit\jupiter\junit-jupiter-api\5.8.2\junit-jupiter-api-5.8.2.jar;C:\Users\Alejandro\.m2\repository\org\opentest4j\opentest4j\1.2.0\opentest4j-1.2.0.jar;C:\Users\Alejandro\.m2\repository\org\junit\platform\junit-platform-commons\1.8.2\junit-platform-commons-1.8.2.jar;C:\Users\Alejandro\.m2\repository\org\apiguardian\apiguardian-api\1.1.2\apiguardian-api-1.1.2.jar;C:\Users\Alejandro\.m2\repository\org\junit\jupiter\junit-jupiter-params\5.8.2\junit-jupiter-params-5.8.2.jar;C:\Users\Alejandro\.m2\repository\org\junit\jupiter\junit-jupiter-engine\5.8.2\junit-jupiter-engine-5.8.2.jar;C:\Users\Alejandro\.m2\repository\org\junit\platform\junit-platform-engine\1.8.2\junit-platform-engine-1.8.2.jar;C:\Users\Alejandro\.m2\repository\org\mockito\mockito-junit-jupiter\2.23.0\mockito-junit-jupiter-2.23.0.jar;C:\Users\Alejandro\.m2\repository\org\mockito\mockito-core\2.23.0\mockito-core-2.23.0.jar;C:\Users\Alejandro\.m2\repository\net\bytebuddy\byte-buddy\1.9.0\byte-buddy-1.9.0.jar;C:\Users\Alejandro\.m2\repository\net\bytebuddy\byte-buddy-agent\1.9.0\byte-buddy-agent-1.9.0.jar;C:\Users\Alejandro\.m2\repository\org\objenesis\objenesis\2.6\objenesis-2.6.jar
Launcher Type: SUN_STANDARD

[Global flags]
     intx CICompilerCount                          = 3                                         {product} {ergonomic}
     uint ConcGCThreads                            = 1                                         {product} {ergonomic}
     uint G1ConcRefinementThreads                  = 4                                         {product} {ergonomic}
   size_t G1HeapRegionSize                         = 1048576                                   {product} {ergonomic}
    uintx GCDrainStackTargetSize                   = 64                                        {product} {ergonomic}
   size_t InitialHeapSize                          = 134217728                                 {product} {ergonomic}
   size_t MarkStackSize                            = 4194304                                   {product} {ergonomic}
   size_t MaxHeapSize                              = 2126512128                                {product} {ergonomic}
   size_t MinHeapDeltaBytes                        = 1048576                                   {product} {ergonomic}
   size_t MinHeapSize                              = 8388608                                   {product} {ergonomic}
    uintx NonNMethodCodeHeapSize                   = 5832780                                {pd product} {ergonomic}
    uintx NonProfiledCodeHeapSize                  = 122912730                              {pd product} {ergonomic}
    uintx ProfiledCodeHeapSize                     = 122912730                              {pd product} {ergonomic}
    uintx ReservedCodeCacheSize                    = 251658240                              {pd product} {ergonomic}
     bool SegmentedCodeCache                       = true                                      {product} {ergonomic}
   size_t SoftMaxHeapSize                          = 2126512128                             {manageable} {ergonomic}
     bool UseCompressedClassPointers               = true                           {product lp64_product} {ergonomic}
     bool UseCompressedOops                        = true                           {product lp64_product} {ergonomic}
     bool UseG1GC                                  = true                                      {product} {ergonomic}
     bool UseLargePagesIndividualAllocation        = false                                  {pd product} {ergonomic}

Logging:
Log output configuration:
 #0: stdout all=warning uptime,level,tags
 #1: stderr all=off uptime,level,tags

Environment Variables:
JAVA_HOME=C:\Program Files\Java\jdk-17.0.1
PATH=C:\Program Files\Common Files\Oracle\Java\javapath;C:\Program Files\Eclipse Adoptium\jdk-17.0.1.12-hotspot\bin;C:\Program Files (x86)\Common Files\Oracle\Java\javapath;C:\windows\system32;C:\windows;C:\windows\System32\Wbem;C:\windows\System32\WindowsPowerShell\v1.0\;C:\Program Files\Java\jdk-17.0.1\bin;C:\windows\System32\OpenSSH\;C:\Program Files (x86)\NVIDIA Corporation\PhysX\Common;C:\WINDOWS\system32;C:\WINDOWS;C:\WINDOWS\System32\Wbem;C:\WINDOWS\System32\WindowsPowerShell\v1.0\;C:\WINDOWS\System32\OpenSSH\;C:\Program Files\Microsoft SQL Server\Client SDK\ODBC\170\Tools\Binn\;C:\Program Files (x86)\Microsoft SQL Server\150\Tools\Binn\;C:\Program Files\Microsoft SQL Server\150\Tools\Binn\;C:\Program Files\Microsoft SQL Server\150\DTS\Binn\;C:\Program Files (x86)\Microsoft SQL Server\150\DTS\Binn\;C:\Program Files\dotnet\;C:\Program Files\Microsoft SQL Server\130\Tools\Binn\;C:\Users\Alejandro\AppData\Local\Android\Sdk\emulator;C:\Users\Alejandro\AppData\Local\Android\Sdk\platform-tools;C:\Program Files\Git\cmd;C:\xampp\php;C:\ProgramData\ComposerSetup\bin;C:\Program Files\nodejs\;C:\Gradle\gradle-7.3.1\bin;C:\Program Files\MySQL\MySQL Shell 8.0\bin\;C:\Users\Alejandro\AppData\Local\Microsoft\WindowsApps;C:\Users\Alejandro\.dotnet\tools;C:\Users\Alejandro\AppData\Roaming\Composer\vendor\bin;C:\Program Files\heroku\bin;C:\Users\Alejandro\AppData\Roaming\npm;C:\apache-maven-3.8.4\bin;";C:\apache-maven-3.8.4\bin;";";%Java%\bin;";
USERNAME=Alejandro
OS=Windows_NT
PROCESSOR_IDENTIFIER=Intel64 Family 6 Model 142 Stepping 9, GenuineIntel



---------------  S Y S T E M  ---------------

OS:
 Windows 10 , 64 bit Build 19041 (10.0.19041.1348)
OS uptime: 1 days 21:01 hours

CPU: total 4 (initial active 4) (2 cores per cpu, 2 threads per core) family 6 model 142 stepping 9 microcode 0xb4, cx8, cmov, fxsr, ht, mmx, 3dnowpref, sse, sse2, sse3, ssse3, sse4.1, sse4.2, popcnt, lzcnt, tsc, tscinvbit, avx, avx2, aes, erms, clmul, bmi1, bmi2, adx, fma, vzeroupper, clflush, clflushopt

Memory: 4k page, system-wide physical 8107M (881M free)
TotalPageFile size 11925M (AvailPageFile size 54M)
current process WorkingSet (physical memory assigned to process): 10M, peak: 10M
current process commit charge ("private bytes"): 51M, peak: 179M

vm_info: Java HotSpot(TM) 64-Bit Server VM (17.0.1+12-LTS-39) for windows-amd64 JRE (17.0.1+12-LTS-39), built on Sep 27 2021 18:41:35 by "mach5one" with MS VC++ 16.8 (VS2019)

END.
